2020-07-10 13:34:15,878 - __main__ - INFO - Login success
2020-07-10 13:37:55,817 - __main__ - INFO - bluedog Login success
2020-07-10 13:41:56,719 - __main__ - INFO - bluedog Login success
2020-07-10 13:41:56,846 - __main__ - INFO - bluedog Login success
2020-07-10 15:25:15,839 - __main__ - INFO - bluedumb Registered successfully
2020-07-10 15:28:12,754 - __main__ - INFO - bluedumb Registered successfully
2020-07-10 15:30:16,763 - __main__ - INFO - Eminem Registered successfully
2020-07-10 15:42:00,469 - __main__ - INFO - bluedog Login success
2020-07-10 15:51:22,263 - __main__ - INFO - Eminem Registered successfully
2020-07-10 20:06:38,473 - __main__ - INFO - Eminem Login success
2020-07-10 20:29:32,845 - __main__ - INFO - ' # <script>alert(123)</script> Login success
2020-07-10 20:31:55,964 - __main__ - INFO - <scri Login success
2020-07-10 20:39:00,884 - __main__ - INFO - Eminem Login success
2020-07-10 20:46:59,954 - __main__ - INFO - Eminem Login success
2020-07-10 20:48:25,453 - __main__ - INFO - ' or 1=1 # Login success
2020-07-10 22:12:20,324 - __main__ - INFO - Eminem Login success
2020-07-11 12:12:43,779 - __main__ - INFO - Eminem Login success
2020-07-11 12:48:54,120 - __main__ - INFO - Eminem Login success
2020-07-11 13:06:23,635 - __main__ - INFO - ' or 1=1 # Login success
2020-07-11 13:18:23,227 - __main__ - INFO - Eminem Login success
2020-07-11 13:44:05,943 - __main__ - INFO - Eminem Login success
2020-07-11 13:44:55,125 - __main__ - INFO - Eminem Login success
2020-07-11 13:45:44,374 - __main__ - INFO - Eminem Login success
2020-07-11 14:04:53,069 - __main__ - INFO - Eminem Login success
2020-07-11 14:15:22,462 - __main__ - INFO - Eminem Login success
2020-07-11 19:03:06,405 - __main__ - INFO - Eminem Login success
2020-07-13 11:16:12,733 - __main__ - INFO - Henry123 Login success
2020-07-13 18:32:52,581 - __main__ - INFO - Henry123 Login success
2020-07-13 18:34:04,154 - __main__ - INFO - Henry123 Login success
2020-07-13 18:35:10,966 - __main__ - INFO - Henry123 Login success
2020-07-13 18:36:02,153 - __main__ - INFO - bluedog Login success
2020-07-13 19:21:31,742 - __main__ - INFO - bluedog Login success
2020-07-13 19:21:59,247 - __main__ - INFO - Henry123 Login success
2020-07-13 19:35:58,452 - __main__ - INFO - bluedog Login success
2020-07-13 19:42:16,916 - __main__ - INFO - bluedog Login success
2020-07-13 19:47:54,278 - __main__ - INFO - bluedog Login success
2020-07-13 19:48:38,855 - __main__ - INFO - bluedog Login success
2020-07-13 19:49:43,204 - __main__ - INFO - bluedog Login success
2020-07-13 19:50:33,421 - __main__ - INFO - bluedog Login success
2020-07-13 19:51:11,352 - __main__ - INFO - bluedog Login success
2020-07-13 19:56:56,542 - __main__ - INFO - bluedog Login success
2020-07-13 19:57:37,730 - __main__ - INFO - bluedog Login success
2020-07-13 20:01:24,356 - __main__ - INFO - bluedog Login success
2020-07-13 20:02:56,966 - __main__ - INFO - bluedog Login success
2020-07-13 20:09:44,241 - __main__ - INFO - bluedog Login success
2020-07-13 20:12:42,566 - __main__ - INFO - Henry123 Login success
2020-07-14 16:45:08,668 - __main__ - INFO - Henry123 Login success
2020-07-14 17:10:41,104 - __main__ - INFO - Henry123 Login success
2020-07-14 17:41:37,349 - __main__ - INFO - Henry123 Login success
2020-07-14 18:05:14,899 - __main__ - INFO - Henry123 Login success
2020-07-14 18:06:00,052 - __main__ - INFO - Henry123 Login success
2020-07-14 18:08:42,526 - __main__ - INFO - Henry123 Login success
2020-07-14 18:20:07,605 - __main__ - INFO - Henry123 Login success
2020-07-14 18:24:45,471 - __main__ - INFO - Henry123 Login success
2020-07-14 19:47:37,486 - __main__ - INFO - 194787M Registered successfully
2020-07-14 19:48:28,567 - __main__ - INFO - 194787M Login success
2020-07-14 22:09:04,359 - __main__ - INFO - Henry123 Login success
2020-07-15 00:49:01,552 - __main__ - INFO - Henry123 Login success
2020-07-15 01:27:41,220 - __main__ - INFO - Henry123 Login success
2020-07-15 12:26:16,865 - __main__ - INFO - Henry123 Login success
2020-07-15 12:37:39,995 - __main__ - INFO - Henry123 Login success
2020-07-15 13:15:41,364 - __main__ - INFO - Henry123 Login success
2020-07-15 13:40:17,512 - __main__ - INFO - Henry123 Login success
2020-07-15 14:31:21,085 - __main__ - INFO - Henry123 Login success
